<?xml version="1.0" encoding="utf-8" standalone="no"?>
<test-results xmlns:xsi="http://www.w3.org/2001/XMLSchema-instance" xsi:noNamespaceSchemaLocation="nunit_schema_2.5.xsd" name="Pester" total="2" errors="0" failures="0" not-run="0" inconclusive="0" ignored="0" skipped="0" invalid="0" date="2019-05-25" time="19:54:31">
  <environment user="appveyor" machine-name="APPVYR-WIN" cwd="C:\projects\dRemoveFeature" user-domain="APPVYR-WIN" platform="Microsoft Windows Server 2012 R2 Datacenter|C:\windows|\Device\Harddisk0\Partition5" nunit-version="2.5.8.0" os-version="6.3.9600" clr-version="4.0.30319.42000" />
  <culture-info current-culture="en-US" current-uiculture="en-US" />
  <test-suite type="TestFixture" name="Pester" executed="True" result="Success" success="True" time="0.8841" asserts="0" description="Pester">
    <results>
      <test-suite type="TestFixture" name="C:\projects\dRemoveFeature\tests\unit\unit.tests.ps1" executed="True" result="Success" success="True" time="0.8841" asserts="0" description="C:\projects\dRemoveFeature\tests\unit\unit.tests.ps1">
        <results>
          <test-suite type="TestFixture" name="DescribeTest" executed="True" result="Success" success="True" time="0.7329" asserts="0" description="DescribeTest">
            <results>
              <test-suite type="TestFixture" name="ContextTest" executed="True" result="Success" success="True" time="0.5056" asserts="0" description="ContextTest">
                <results>
                  <test-case description="Should be pass" name="DescribeTest.ContextTest.Should be pass" time="0.196" asserts="0" success="True" result="Success" executed="True" />
                  <test-case description="Should run CodeCov1" name="DescribeTest.ContextTest.Should run CodeCov1" time="0.0037" asserts="0" success="True" result="Success" executed="True" />
                </results>
              </test-suite>
            </results>
          </test-suite>
        </results>
      </test-suite>
    </results>
  </test-suite>
</test-results>